# JRE version: OpenJDK Runtime Environment (11.0.8+10) (build 11.0.8+10-b944.6842174)
# Java VM: OpenJDK 64-Bit Server VM (11.0.8+10-b944.6842174, mixed mode, tiered, compressed oops, g1 gc, windows-amd64)
Heap:
 garbage-first heap   total 397312K, used 178044K [0x0000000080000000, 0x0000000100000000)
  region size 1024K, 37 young (37888K), 13 survivors (13312K)
 Metaspace       used 93340K, capacity 95777K, committed 96332K, reserved 1132544K
  class space    used 12234K, capacity 13159K, committed 13388K, reserved 1048576K
GC Heap History (20 events):
Event: 22.898 GC heap before
{Heap before GC invocations=49 (full 0):
 garbage-first heap   total 231424K, used 163994K [0x0000000080000000, 0x0000000100000000)
  region size 1024K, 61 young (62464K), 6 survivors (6144K)
 Metaspace       used 87176K, capacity 89366K, committed 89932K, reserved 1126400K
  class space    used 11358K, capacity 12128K, committed 12364K, reserved 1048576K
}
Event: 22.937 GC heap after
{Heap after GC invocations=50 (full 0):
 garbage-first heap   total 231424K, used 120808K [0x0000000080000000, 0x0000000100000000)
  region size 1024K, 8 young (8192K), 8 survivors (8192K)
 Metaspace       used 87176K, capacity 89366K, committed 89932K, reserved 1126400K
  class space    used 11358K, capacity 12128K, committed 12364K, reserved 1048576K
}
Event: 23.066 GC heap before
{Heap before GC invocations=51 (full 0):
 garbage-first heap   total 231424K, used 173032K [0x0000000080000000, 0x0000000100000000)
  region size 1024K, 59 young (60416K), 8 survivors (8192K)
 Metaspace       used 87477K, capacity 89654K, committed 90188K, reserved 1126400K
  class space    used 11408K, capacity 12160K, committed 12364K, reserved 1048576K
}
Event: 23.099 GC heap after
{Heap after GC invocations=52 (full 0):
 garbage-first heap   total 231424K, used 132807K [0x0000000080000000, 0x0000000100000000)
  region size 1024K, 8 young (8192K), 8 survivors (8192K)
 Metaspace       used 87477K, capacity 89654K, committed 90188K, reserved 1126400K
  class space    used 11408K, capacity 12160K, committed 12364K, reserved 1048576K
}
Event: 23.478 GC heap before
{Heap before GC invocations=52 (full 0):
 garbage-first heap   total 231424K, used 179911K [0x0000000080000000, 0x0000000100000000)
  region size 1024K, 54 young (55296K), 8 survivors (8192K)
 Metaspace       used 88917K, capacity 91314K, committed 91468K, reserved 1128448K
  class space    used 11681K, capacity 12553K, committed 12620K, reserved 1048576K
}
Event: 23.513 GC heap after
{Heap after GC invocations=53 (full 0):
 garbage-first heap   total 231424K, used 141312K [0x0000000080000000, 0x0000000100000000)
  region size 1024K, 7 young (7168K), 7 survivors (7168K)
 Metaspace       used 88917K, capacity 91314K, committed 91468K, reserved 1128448K
  class space    used 11681K, capacity 12553K, committed 12620K, reserved 1048576K
}
Event: 24.179 GC heap before
{Heap before GC invocations=53 (full 0):
 garbage-first heap   total 231424K, used 184320K [0x0000000080000000, 0x0000000100000000)
  region size 1024K, 49 young (50176K), 7 survivors (7168K)
 Metaspace       used 91558K, capacity 93949K, committed 94668K, reserved 1130496K
  class space    used 12082K, capacity 12981K, committed 13260K, reserved 1048576K
}
Event: 24.199 GC heap after
{Heap after GC invocations=54 (full 0):
 garbage-first heap   total 330752K, used 143465K [0x0000000080000000, 0x0000000100000000)
  region size 1024K, 2 young (2048K), 2 survivors (2048K)
 Metaspace       used 91558K, capacity 93949K, committed 94668K, reserved 1130496K
  class space    used 12082K, capacity 12981K, committed 13260K, reserved 1048576K
}
Event: 24.861 GC heap before
{Heap before GC invocations=55 (full 0):
 garbage-first heap   total 330752K, used 218217K [0x0000000080000000, 0x0000000100000000)
  region size 1024K, 75 young (76800K), 2 survivors (2048K)
 Metaspace       used 91975K, capacity 94327K, committed 94924K, reserved 1130496K
  class space    used 12129K, capacity 13018K, committed 13260K, reserved 1048576K
}
Event: 24.882 GC heap after
{Heap after GC invocations=56 (full 0):
 garbage-first heap   total 330752K, used 144114K [0x0000000080000000, 0x0000000100000000)
  region size 1024K, 3 young (3072K), 3 survivors (3072K)
 Metaspace       used 91975K, capacity 94327K, committed 94924K, reserved 1130496K
  class space    used 12129K, capacity 13018K, committed 13260K, reserved 1048576K
}
Event: 25.235 GC heap before
{Heap before GC invocations=56 (full 0):
 garbage-first heap   total 330752K, used 233202K [0x0000000080000000, 0x0000000100000000)
  region size 1024K, 90 young (92160K), 3 survivors (3072K)
 Metaspace       used 92253K, capacity 94590K, committed 95180K, reserved 1130496K
  class space    used 12132K, capacity 13020K, committed 13260K, reserved 1048576K
}
Event: 25.242 GC heap after
{Heap after GC invocations=57 (full 0):
 garbage-first heap   total 330752K, used 145448K [0x0000000080000000, 0x0000000100000000)
  region size 1024K, 4 young (4096K), 4 survivors (4096K)
 Metaspace       used 92253K, capacity 94590K, committed 95180K, reserved 1130496K
  class space    used 12132K, capacity 13020K, committed 13260K, reserved 1048576K
}
Event: 25.533 GC heap before
{Heap before GC invocations=57 (full 0):
 garbage-first heap   total 330752K, used 246824K [0x0000000080000000, 0x0000000100000000)
  region size 1024K, 103 young (105472K), 4 survivors (4096K)
 Metaspace       used 92255K, capacity 94590K, committed 95180K, reserved 1130496K
  class space    used 12132K, capacity 13020K, committed 13260K, reserved 1048576K
}
Event: 25.548 GC heap after
{Heap after GC invocations=58 (full 0):
 garbage-first heap   total 330752K, used 145885K [0x0000000080000000, 0x0000000100000000)
  region size 1024K, 5 young (5120K), 5 survivors (5120K)
 Metaspace       used 92255K, capacity 94590K, committed 95180K, reserved 1130496K
  class space    used 12132K, capacity 13020K, committed 13260K, reserved 1048576K
}
Event: 25.858 GC heap before
{Heap before GC invocations=58 (full 0):
 garbage-first heap   total 330752K, used 265693K [0x0000000080000000, 0x0000000100000000)
  region size 1024K, 123 young (125952K), 5 survivors (5120K)
 Metaspace       used 92359K, capacity 94752K, committed 95436K, reserved 1132544K
  class space    used 12141K, capacity 13052K, committed 13260K, reserved 1048576K
}
Event: 25.871 GC heap after
{Heap after GC invocations=59 (full 0):
 garbage-first heap   total 330752K, used 147597K [0x0000000080000000, 0x0000000100000000)
  region size 1024K, 6 young (6144K), 6 survivors (6144K)
 Metaspace       used 92359K, capacity 94752K, committed 95436K, reserved 1132544K
  class space    used 12141K, capacity 13052K, committed 13260K, reserved 1048576K
}
Event: 26.193 GC heap before
{Heap before GC invocations=59 (full 0):
 garbage-first heap   total 330752K, used 272525K [0x0000000080000000, 0x0000000100000000)
  region size 1024K, 129 young (132096K), 6 survivors (6144K)
 Metaspace       used 92459K, capacity 94817K, committed 95436K, reserved 1132544K
  class space    used 12141K, capacity 13052K, committed 13260K, reserved 1048576K
}
Event: 26.210 GC heap after
{Heap after GC invocations=60 (full 0):
 garbage-first heap   total 397312K, used 149994K [0x0000000080000000, 0x0000000100000000)
  region size 1024K, 9 young (9216K), 9 survivors (9216K)
 Metaspace       used 92459K, capacity 94817K, committed 95436K, reserved 1132544K
  class space    used 12141K, capacity 13052K, committed 13260K, reserved 1048576K
}
Event: 26.622 GC heap before
{Heap before GC invocations=60 (full 0):
 garbage-first heap   total 397312K, used 294378K [0x0000000080000000, 0x0000000100000000)
  region size 1024K, 150 young (153600K), 9 survivors (9216K)
 Metaspace       used 92564K, capacity 94949K, committed 95692K, reserved 1132544K
  class space    used 12142K, capacity 13052K, committed 13260K, reserved 1048576K
}
Event: 26.637 GC heap after
{Heap after GC invocations=61 (full 0):
 garbage-first heap   total 397312K, used 151493K [0x0000000080000000, 0x0000000100000000)
  region size 1024K, 10 young (10240K), 10 survivors (10240K)
 Metaspace       used 92564K, capacity 94949K, committed 95692K, reserved 1132544K
  class space    used 12142K, capacity 13052K, committed 13260K, reserved 1048576K
}

